<?xml version="1.0" encoding="UTF-8"?>
<!-- Generated by org.testng.reporters.JUnitReportReporter -->
<testsuite hostname="PDC3A-L-138LXDX" failures="0" tests="1" name="tests.LoginTest" time="16.782" errors="0" timestamp="2025-07-02T14:42:03 IST" skipped="0">
  <testcase classname="tests.LoginTest" name="testValidLogin" time="16.782"/>
</testsuite> <!-- tests.LoginTest -->
